<?xml version="1.0" encoding="UTF-8"?>
<testng-results skipped="1" failed="0" total="15" passed="14">
  <reporter-output>
  </reporter-output>
  <suite name="Suite" duration-ms="1004787" started-at="2017-07-20T14:59:39Z" finished-at="2017-07-20T15:16:24Z">
    <groups>
    </groups>
    <test name="Test" duration-ms="1004787" started-at="2017-07-20T14:59:39Z" finished-at="2017-07-20T15:16:24Z">
      <class name="requirementGroup.WebChatWidget.CreateNewChatWidget">
        <test-method status="PASS" signature="setUp()[pri:0, instance:requirementGroup.WebChatWidget.CreateNewChatWidget@402a079c]" name="setUp" is-config="true" duration-ms="4194" started-at="2017-07-20T20:29:39Z" finished-at="2017-07-20T20:29:43Z">
          <reporter-output>
          </reporter-output>
        </test-method> <!-- setUp -->
        <test-method status="PASS" signature="BQS200197()[pri:0, instance:requirementGroup.WebChatWidget.CreateNewChatWidget@402a079c]" name="BQS200197" duration-ms="24808" started-at="2017-07-20T20:29:43Z" description="Verify that configure general setting Step is completed when Next button is clicked  after selecting Stream in (Step 1) Configure widget settings screen." finished-at="2017-07-20T20:30:08Z">
          <reporter-output>
          </reporter-output>
        </test-method> <!-- BQS200197 -->
        <test-method status="PASS" signature="tearDown()[pri:0, instance:requirementGroup.WebChatWidget.CreateNewChatWidget@402a079c]" name="tearDown" is-config="true" duration-ms="3907" started-at="2017-07-20T20:30:08Z" finished-at="2017-07-20T20:30:12Z">
          <reporter-output>
          </reporter-output>
        </test-method> <!-- tearDown -->
        <test-method status="PASS" signature="setUp()[pri:0, instance:requirementGroup.WebChatWidget.CreateNewChatWidget@402a079c]" name="setUp" is-config="true" duration-ms="3601" started-at="2017-07-20T20:30:12Z" finished-at="2017-07-20T20:30:16Z">
          <reporter-output>
          </reporter-output>
        </test-method> <!-- setUp -->
        <test-method status="PASS" signature="BQS200211()[pri:0, instance:requirementGroup.WebChatWidget.CreateNewChatWidget@402a079c]" name="BQS200211" duration-ms="25010" started-at="2017-07-20T20:30:16Z" description="Verify that APP ID is created for each Chat widget created." finished-at="2017-07-20T20:30:41Z">
          <reporter-output>
          </reporter-output>
        </test-method> <!-- BQS200211 -->
        <test-method status="PASS" signature="tearDown()[pri:0, instance:requirementGroup.WebChatWidget.CreateNewChatWidget@402a079c]" name="tearDown" is-config="true" duration-ms="3576" started-at="2017-07-20T20:30:41Z" finished-at="2017-07-20T20:30:44Z">
          <reporter-output>
          </reporter-output>
        </test-method> <!-- tearDown -->
        <test-method status="PASS" signature="setUp()[pri:0, instance:requirementGroup.WebChatWidget.CreateNewChatWidget@402a079c]" name="setUp" is-config="true" duration-ms="3727" started-at="2017-07-20T20:30:44Z" finished-at="2017-07-20T20:30:48Z">
          <reporter-output>
          </reporter-output>
        </test-method> <!-- setUp -->
        <test-method status="PASS" signature="BQS200220And200224()[pri:0, instance:requirementGroup.WebChatWidget.CreateNewChatWidget@402a079c]" name="BQS200220And200224" duration-ms="32139" started-at="2017-07-20T20:30:48Z" description="Verify that Admin is able to the delete the web chat widget.
 Verify that Web Chat widget is deleted successfully when &#039;Delete&#039; button is clicked." finished-at="2017-07-20T20:31:20Z">
          <reporter-output>
          </reporter-output>
        </test-method> <!-- BQS200220And200224 -->
        <test-method status="PASS" signature="tearDown()[pri:0, instance:requirementGroup.WebChatWidget.CreateNewChatWidget@402a079c]" name="tearDown" is-config="true" duration-ms="3791" started-at="2017-07-20T20:31:20Z" finished-at="2017-07-20T20:31:24Z">
          <reporter-output>
          </reporter-output>
        </test-method> <!-- tearDown -->
        <test-method status="PASS" signature="setUp()[pri:0, instance:requirementGroup.WebChatWidget.CreateNewChatWidget@402a079c]" name="setUp" is-config="true" duration-ms="3755" started-at="2017-07-20T20:31:24Z" finished-at="2017-07-20T20:31:28Z">
          <reporter-output>
          </reporter-output>
        </test-method> <!-- setUp -->
        <test-method status="PASS" signature="BQS200234And200239()[pri:0, instance:requirementGroup.WebChatWidget.CreateNewChatWidget@402a079c]" name="BQS200234And200239" duration-ms="34655" started-at="2017-07-20T20:31:28Z" description="Verify that Chat widgets are displayed when the configured websites are launched.
 Verify that Consumer can open the floating chat widget" finished-at="2017-07-20T20:32:02Z">
          <reporter-output>
          </reporter-output>
        </test-method> <!-- BQS200234And200239 -->
        <test-method status="PASS" signature="tearDown()[pri:0, instance:requirementGroup.WebChatWidget.CreateNewChatWidget@402a079c]" name="tearDown" is-config="true" duration-ms="3633" started-at="2017-07-20T20:32:02Z" finished-at="2017-07-20T20:32:06Z">
          <reporter-output>
          </reporter-output>
        </test-method> <!-- tearDown -->
        <test-method status="PASS" signature="setUp()[pri:0, instance:requirementGroup.WebChatWidget.CreateNewChatWidget@402a079c]" name="setUp" is-config="true" duration-ms="4008" started-at="2017-07-20T20:32:06Z" finished-at="2017-07-20T20:32:10Z">
          <reporter-output>
          </reporter-output>
        </test-method> <!-- setUp -->
        <test-method status="PASS" signature="BQS200247()[pri:0, instance:requirementGroup.WebChatWidget.CreateNewChatWidget@402a079c]" name="BQS200247" duration-ms="77030" started-at="2017-07-20T20:32:10Z" description="Verify that Consumer receives offline autoresponder when Agent is offline." finished-at="2017-07-20T20:33:27Z">
          <reporter-output>
          </reporter-output>
        </test-method> <!-- BQS200247 -->
        <test-method status="PASS" signature="tearDown()[pri:0, instance:requirementGroup.WebChatWidget.CreateNewChatWidget@402a079c]" name="tearDown" is-config="true" duration-ms="3841" started-at="2017-07-20T20:33:27Z" finished-at="2017-07-20T20:33:31Z">
          <reporter-output>
          </reporter-output>
        </test-method> <!-- tearDown -->
        <test-method status="PASS" signature="setUp()[pri:0, instance:requirementGroup.WebChatWidget.CreateNewChatWidget@402a079c]" name="setUp" is-config="true" duration-ms="3924" started-at="2017-07-20T20:33:31Z" finished-at="2017-07-20T20:33:35Z">
          <reporter-output>
          </reporter-output>
        </test-method> <!-- setUp -->
        <test-method status="PASS" signature="BQS200248()[pri:0, instance:requirementGroup.WebChatWidget.CreateNewChatWidget@402a079c]" name="BQS200248" duration-ms="141666" started-at="2017-07-20T20:33:35Z" description="Verify that Consumer receives busy autoresponder when Agent is busy." finished-at="2017-07-20T20:35:56Z">
          <reporter-output>
          </reporter-output>
        </test-method> <!-- BQS200248 -->
        <test-method status="PASS" signature="tearDown()[pri:0, instance:requirementGroup.WebChatWidget.CreateNewChatWidget@402a079c]" name="tearDown" is-config="true" duration-ms="11657" started-at="2017-07-20T20:35:56Z" finished-at="2017-07-20T20:36:08Z">
          <reporter-output>
          </reporter-output>
        </test-method> <!-- tearDown -->
        <test-method status="PASS" signature="setUp()[pri:0, instance:requirementGroup.WebChatWidget.CreateNewChatWidget@402a079c]" name="setUp" is-config="true" duration-ms="6341" started-at="2017-07-20T20:36:08Z" finished-at="2017-07-20T20:36:14Z">
          <reporter-output>
          </reporter-output>
        </test-method> <!-- setUp -->
        <test-method status="PASS" signature="BQS200402()[pri:0, instance:requirementGroup.WebChatWidget.CreateNewChatWidget@402a079c]" name="BQS200402" duration-ms="86523" started-at="2017-07-20T20:36:14Z" description="Verify that available Agent receives the message sent via chat widget by the Consumer." finished-at="2017-07-20T20:37:41Z">
          <reporter-output>
          </reporter-output>
        </test-method> <!-- BQS200402 -->
        <test-method status="PASS" signature="tearDown()[pri:0, instance:requirementGroup.WebChatWidget.CreateNewChatWidget@402a079c]" name="tearDown" is-config="true" duration-ms="3390" started-at="2017-07-20T20:37:41Z" finished-at="2017-07-20T20:37:44Z">
          <reporter-output>
          </reporter-output>
        </test-method> <!-- tearDown -->
        <test-method status="PASS" signature="setUp()[pri:0, instance:requirementGroup.WebChatWidget.CreateNewChatWidget@402a079c]" name="setUp" is-config="true" duration-ms="4148" started-at="2017-07-20T20:37:44Z" finished-at="2017-07-20T20:37:48Z">
          <reporter-output>
          </reporter-output>
        </test-method> <!-- setUp -->
        <test-method status="PASS" signature="BQS200403And200244()[pri:0, instance:requirementGroup.WebChatWidget.CreateNewChatWidget@402a079c]" name="BQS200403And200244" duration-ms="142100" started-at="2017-07-20T20:37:48Z" description="Verify that Agent is able to reply to Consumer&#039;s message and message is displayed in chat widget.
 Verify that Pype logo is displayed in chat bubbles when message is sent by the Admin" finished-at="2017-07-20T20:40:11Z">
          <reporter-output>
          </reporter-output>
        </test-method> <!-- BQS200403And200244 -->
        <test-method status="PASS" signature="tearDown()[pri:0, instance:requirementGroup.WebChatWidget.CreateNewChatWidget@402a079c]" name="tearDown" is-config="true" duration-ms="3663" started-at="2017-07-20T20:40:11Z" finished-at="2017-07-20T20:40:14Z">
          <reporter-output>
          </reporter-output>
        </test-method> <!-- tearDown -->
        <test-method status="PASS" signature="setUp()[pri:0, instance:requirementGroup.WebChatWidget.CreateNewChatWidget@402a079c]" name="setUp" is-config="true" duration-ms="3628" started-at="2017-07-20T20:40:14Z" finished-at="2017-07-20T20:40:18Z">
          <reporter-output>
          </reporter-output>
        </test-method> <!-- setUp -->
        <test-method status="PASS" signature="BQS200432()[pri:0, instance:requirementGroup.WebChatWidget.CreateNewChatWidget@402a079c]" name="BQS200432" duration-ms="69681" started-at="2017-07-20T20:40:18Z" description="Verify that Admin is able to create widget for Bot enabled Stream and Bot message is displayed when widget is launched." finished-at="2017-07-20T20:41:27Z">
          <reporter-output>
          </reporter-output>
        </test-method> <!-- BQS200432 -->
        <test-method status="PASS" signature="tearDown()[pri:0, instance:requirementGroup.WebChatWidget.CreateNewChatWidget@402a079c]" name="tearDown" is-config="true" duration-ms="3459" started-at="2017-07-20T20:41:27Z" finished-at="2017-07-20T20:41:31Z">
          <reporter-output>
          </reporter-output>
        </test-method> <!-- tearDown -->
        <test-method status="PASS" signature="setUp()[pri:0, instance:requirementGroup.WebChatWidget.CreateNewChatWidget@402a079c]" name="setUp" is-config="true" duration-ms="3801" started-at="2017-07-20T20:41:31Z" finished-at="2017-07-20T20:41:35Z">
          <reporter-output>
          </reporter-output>
        </test-method> <!-- setUp -->
        <test-method status="PASS" signature="BQS201018()[pri:0, instance:requirementGroup.WebChatWidget.CreateNewChatWidget@402a079c]" name="BQS201018" duration-ms="109660" started-at="2017-07-20T20:41:35Z" description="Verify that chat is assigned to Agent when it is transferred from Bot." finished-at="2017-07-20T20:43:24Z">
          <reporter-output>
          </reporter-output>
        </test-method> <!-- BQS201018 -->
        <test-method status="PASS" signature="tearDown()[pri:0, instance:requirementGroup.WebChatWidget.CreateNewChatWidget@402a079c]" name="tearDown" is-config="true" duration-ms="3597" started-at="2017-07-20T20:43:24Z" finished-at="2017-07-20T20:43:28Z">
          <reporter-output>
          </reporter-output>
        </test-method> <!-- tearDown -->
        <test-method status="PASS" signature="setUp()[pri:0, instance:requirementGroup.WebChatWidget.CreateNewChatWidget@402a079c]" name="setUp" is-config="true" duration-ms="3790" started-at="2017-07-20T20:43:28Z" finished-at="2017-07-20T20:43:32Z">
          <reporter-output>
          </reporter-output>
        </test-method> <!-- setUp -->
        <test-method status="PASS" signature="FTS200140()[pri:0, instance:requirementGroup.WebChatWidget.CreateNewChatWidget@402a079c]" name="FTS200140" duration-ms="34345" started-at="2017-07-20T20:43:32Z" description="Verify that modified stream names are updated instantly in the dropdown." finished-at="2017-07-20T20:44:06Z">
          <reporter-output>
          </reporter-output>
        </test-method> <!-- FTS200140 -->
        <test-method status="PASS" signature="tearDown()[pri:0, instance:requirementGroup.WebChatWidget.CreateNewChatWidget@402a079c]" name="tearDown" is-config="true" duration-ms="3518" started-at="2017-07-20T20:44:06Z" finished-at="2017-07-20T20:44:10Z">
          <reporter-output>
          </reporter-output>
        </test-method> <!-- tearDown -->
        <test-method status="PASS" signature="setUp()[pri:0, instance:requirementGroup.WebChatWidget.CreateNewChatWidget@402a079c]" name="setUp" is-config="true" duration-ms="3861" started-at="2017-07-20T20:44:10Z" finished-at="2017-07-20T20:44:14Z">
          <reporter-output>
          </reporter-output>
        </test-method> <!-- setUp -->
        <test-method status="PASS" signature="FTS200208()[pri:0, instance:requirementGroup.WebChatWidget.CreateNewChatWidget@402a079c]" name="FTS200208" duration-ms="40133" started-at="2017-07-20T20:44:14Z" description="Verify that Widget appearance customized is displayed when all the changes are made in 2. Customize appearance (Chat widget 1) is saved." finished-at="2017-07-20T20:44:54Z">
          <reporter-output>
          </reporter-output>
        </test-method> <!-- FTS200208 -->
        <test-method status="PASS" signature="tearDown()[pri:0, instance:requirementGroup.WebChatWidget.CreateNewChatWidget@402a079c]" name="tearDown" is-config="true" duration-ms="3397" started-at="2017-07-20T20:44:54Z" finished-at="2017-07-20T20:44:57Z">
          <reporter-output>
          </reporter-output>
        </test-method> <!-- tearDown -->
        <test-method status="PASS" signature="setUp()[pri:0, instance:requirementGroup.WebChatWidget.CreateNewChatWidget@402a079c]" name="setUp" is-config="true" duration-ms="3827" started-at="2017-07-20T20:44:57Z" finished-at="2017-07-20T20:45:01Z">
          <reporter-output>
          </reporter-output>
        </test-method> <!-- setUp -->
        <test-method status="PASS" signature="FTS200214()[pri:0, instance:requirementGroup.WebChatWidget.CreateNewChatWidget@402a079c]" name="FTS200214" duration-ms="25160" started-at="2017-07-20T20:45:01Z" description="Verify that Admin can edit chat widget name in the Web chat widget page." finished-at="2017-07-20T20:45:26Z">
          <reporter-output>
          </reporter-output>
        </test-method> <!-- FTS200214 -->
        <test-method status="PASS" signature="tearDown()[pri:0, instance:requirementGroup.WebChatWidget.CreateNewChatWidget@402a079c]" name="tearDown" is-config="true" duration-ms="3516" started-at="2017-07-20T20:45:26Z" finished-at="2017-07-20T20:45:30Z">
          <reporter-output>
          </reporter-output>
        </test-method> <!-- tearDown -->
        <test-method status="PASS" signature="setUp()[pri:0, instance:requirementGroup.WebChatWidget.CreateNewChatWidget@402a079c]" name="setUp" is-config="true" duration-ms="4076" started-at="2017-07-20T20:45:30Z" finished-at="2017-07-20T20:45:34Z">
          <reporter-output>
          </reporter-output>
        </test-method> <!-- setUp -->
        <test-method status="PASS" signature="FTS200237And200252()[pri:0, instance:requirementGroup.WebChatWidget.CreateNewChatWidget@402a079c]" name="FTS200237And200252" duration-ms="42433" started-at="2017-07-20T20:45:34Z" description="Verify that chat does not end when widget is closed.
 Verify that Collapsing the launcher should not end the chat (PYPE-5427)" finished-at="2017-07-20T20:46:16Z">
          <reporter-output>
          </reporter-output>
        </test-method> <!-- FTS200237And200252 -->
        <test-method status="PASS" signature="tearDown()[pri:0, instance:requirementGroup.WebChatWidget.CreateNewChatWidget@402a079c]" name="tearDown" is-config="true" duration-ms="3490" started-at="2017-07-20T20:46:16Z" finished-at="2017-07-20T20:46:20Z">
          <reporter-output>
          </reporter-output>
        </test-method> <!-- tearDown -->
        <test-method status="FAIL" signature="setUp()[pri:0, instance:requirementGroup.WebChatWidget.CreateNewChatWidget@402a079c]" name="setUp" is-config="true" duration-ms="0" started-at="2017-07-20T20:46:20Z" finished-at="2017-07-20T20:46:20Z">
          <exception class="org.openqa.selenium.WebDriverException">
            <message>
              <![CDATA[unknown error: session deleted because of page crash
from unknown error: cannot determine loading status
from tab crashed
  (Session info: chrome=59.0.3071.115)
  (Driver info: chromedriver=2.28.455520 (cc17746adff54984afff480136733114c6b3704b),platform=Windows NT 6.1.7601 SP1 x86_64) (WARNING: The server did not provide any stacktrace information)
Command duration or timeout: 658 milliseconds
Build info: version: '2.48.2', revision: '41bccdd10cf2c0560f637404c2d96164b67d9d67', time: '2015-10-09 13:08:06'
System info: host: 'Admin-PC', ip: '192.168.25.13', os.name: 'Windows 7', os.arch: 'amd64', os.version: '6.1', java.version: '1.8.0_121'
Driver info: org.openqa.selenium.chrome.ChromeDriver
Capabilities [{applicationCacheEnabled=false, rotatable=false, mobileEmulationEnabled=false, networkConnectionEnabled=false, chrome={chromedriverVersion=2.28.455520 (cc17746adff54984afff480136733114c6b3704b), userDataDir=C:\Users\Admin\AppData\Local\Temp\scoped_dir4260_26978}, takesHeapSnapshot=true, pageLoadStrategy=normal, databaseEnabled=false, handlesAlerts=true, hasTouchScreen=false, version=59.0.3071.115, platform=XP, browserConnectionEnabled=false, nativeEvents=true, acceptSslCerts=true, locationContextEnabled=true, webStorageEnabled=true, browserName=chrome, takesScreenshot=true, javascriptEnabled=true, cssSelectorsEnabled=true, unexpectedAlertBehaviour=}]
Session ID: 6326ca337dcbd9a20da26e6db5339496]]>
            </message>
            <full-stacktrace>
              <![CDATA[org.openqa.selenium.WebDriverException: unknown error: session deleted because of page crash
from unknown error: cannot determine loading status
from tab crashed
  (Session info: chrome=59.0.3071.115)
  (Driver info: chromedriver=2.28.455520 (cc17746adff54984afff480136733114c6b3704b),platform=Windows NT 6.1.7601 SP1 x86_64) (WARNING: The server did not provide any stacktrace information)
Command duration or timeout: 658 milliseconds
Build info: version: '2.48.2', revision: '41bccdd10cf2c0560f637404c2d96164b67d9d67', time: '2015-10-09 13:08:06'
System info: host: 'Admin-PC', ip: '192.168.25.13', os.name: 'Windows 7', os.arch: 'amd64', os.version: '6.1', java.version: '1.8.0_121'
Driver info: org.openqa.selenium.chrome.ChromeDriver
Capabilities [{applicationCacheEnabled=false, rotatable=false, mobileEmulationEnabled=false, networkConnectionEnabled=false, chrome={chromedriverVersion=2.28.455520 (cc17746adff54984afff480136733114c6b3704b), userDataDir=C:\Users\Admin\AppData\Local\Temp\scoped_dir4260_26978}, takesHeapSnapshot=true, pageLoadStrategy=normal, databaseEnabled=false, handlesAlerts=true, hasTouchScreen=false, version=59.0.3071.115, platform=XP, browserConnectionEnabled=false, nativeEvents=true, acceptSslCerts=true, locationContextEnabled=true, webStorageEnabled=true, browserName=chrome, takesScreenshot=true, javascriptEnabled=true, cssSelectorsEnabled=true, unexpectedAlertBehaviour=}]
Session ID: 6326ca337dcbd9a20da26e6db5339496
	at sun.reflect.NativeConstructorAccessorImpl.newInstance0(Native Method)
	at sun.reflect.NativeConstructorAccessorImpl.newInstance(Unknown Source)
	at sun.reflect.DelegatingConstructorAccessorImpl.newInstance(Unknown Source)
	at java.lang.reflect.Constructor.newInstance(Unknown Source)
	at org.openqa.selenium.remote.ErrorHandler.createThrowable(ErrorHandler.java:206)
	at org.openqa.selenium.remote.ErrorHandler.throwIfResponseFailed(ErrorHandler.java:158)
	at org.openqa.selenium.remote.RemoteWebDriver.execute(RemoteWebDriver.java:647)
	at org.openqa.selenium.remote.RemoteWebDriver.execute(RemoteWebDriver.java:670)
	at org.openqa.selenium.remote.RemoteWebDriver$RemoteWebDriverOptions.deleteAllCookies(RemoteWebDriver.java:742)
	at qaframework.configuration.Configuration_Web.setUp(Configuration_Web.java:127)
	at sun.reflect.NativeMethodAccessorImpl.invoke0(Native Method)
	at sun.reflect.NativeMethodAccessorImpl.invoke(Unknown Source)
	at sun.reflect.DelegatingMethodAccessorImpl.invoke(Unknown Source)
	at java.lang.reflect.Method.invoke(Unknown Source)
	at org.testng.internal.MethodInvocationHelper.invokeMethod(MethodInvocationHelper.java:84)
	at org.testng.internal.Invoker.invokeConfigurationMethod(Invoker.java:564)
	at org.testng.internal.Invoker.invokeConfigurations(Invoker.java:213)
	at org.testng.internal.Invoker.invokeMethod(Invoker.java:653)
	at org.testng.internal.Invoker.invokeTestMethod(Invoker.java:901)
	at org.testng.internal.Invoker.invokeTestMethods(Invoker.java:1231)
	at org.testng.internal.TestMethodWorker.invokeTestMethods(TestMethodWorker.java:127)
	at org.testng.internal.TestMethodWorker.run(TestMethodWorker.java:111)
	at org.testng.TestRunner.privateRun(TestRunner.java:767)
	at org.testng.TestRunner.run(TestRunner.java:617)
	at org.testng.SuiteRunner.runTest(SuiteRunner.java:334)
	at org.testng.SuiteRunner.runSequentially(SuiteRunner.java:329)
	at org.testng.SuiteRunner.privateRun(SuiteRunner.java:291)
	at org.testng.SuiteRunner.run(SuiteRunner.java:240)
	at org.testng.SuiteRunnerWorker.runSuite(SuiteRunnerWorker.java:52)
	at org.testng.SuiteRunnerWorker.run(SuiteRunnerWorker.java:86)
	at org.testng.TestNG.runSuitesSequentially(TestNG.java:1224)
	at org.testng.TestNG.runSuitesLocally(TestNG.java:1149)
	at org.testng.TestNG.run(TestNG.java:1057)
	at org.testng.remote.AbstractRemoteTestNG.run(AbstractRemoteTestNG.java:132)
	at org.testng.remote.RemoteTestNG.initAndRun(RemoteTestNG.java:236)
	at org.testng.remote.RemoteTestNG.main(RemoteTestNG.java:81)
]]>
            </full-stacktrace>
          </exception> <!-- org.openqa.selenium.WebDriverException -->
          <reporter-output>
          </reporter-output>
        </test-method> <!-- setUp -->
        <test-method status="PASS" signature="tearDown()[pri:0, instance:requirementGroup.WebChatWidget.CreateNewChatWidget@402a079c]" name="tearDown" is-config="true" duration-ms="1000" started-at="2017-07-20T20:46:23Z" finished-at="2017-07-20T20:46:24Z">
          <reporter-output>
          </reporter-output>
        </test-method> <!-- tearDown -->
        <test-method status="SKIP" signature="FTS200341()[pri:0, instance:requirementGroup.WebChatWidget.CreateNewChatWidget@402a079c]" name="FTS200341" duration-ms="0" started-at="2017-07-20T20:46:23Z" description="Verify that attachments send by Agents are displayed in Chat widget." finished-at="2017-07-20T20:46:23Z">
          <reporter-output>
          </reporter-output>
        </test-method> <!-- FTS200341 -->
      </class> <!-- requirementGroup.WebChatWidget.CreateNewChatWidget -->
    </test> <!-- Test -->
  </suite> <!-- Suite -->
</testng-results>
